[github.com/flipped-aurora/gin-vue-admin/server]2023/03/12 - 00:31:38.803	[34minfo[0m	/gvm/gin-vue-admin/server/initialize/router.go:39	register swagger handler
[github.com/flipped-aurora/gin-vue-admin/server]2023/03/12 - 00:31:38.804	[34minfo[0m	/gvm/gin-vue-admin/server/initialize/router.go:75	router register success
[github.com/flipped-aurora/gin-vue-admin/server]2023/03/12 - 00:31:38.805	[34minfo[0m	/gvm/gin-vue-admin/server/core/server.go:36	server run success on 	{"address": ":8888"}
[github.com/flipped-aurora/gin-vue-admin/server]2023/03/12 - 00:34:23.524	[34minfo[0m	/gvm/gin-vue-admin/server/api/v1/system/sys_initdb.go:57	前往初始化数据库
[github.com/flipped-aurora/gin-vue-admin/server]2023/03/12 - 00:44:59.634	[34minfo[0m	/pine/server/initialize/gorm.go:60	register table success
[github.com/flipped-aurora/gin-vue-admin/server]2023/03/12 - 00:44:59.638	[34minfo[0m	/pine/server/initialize/router.go:39	register swagger handler
[github.com/flipped-aurora/gin-vue-admin/server]2023/03/12 - 00:44:59.639	[34minfo[0m	/pine/server/initialize/router.go:75	router register success
[github.com/flipped-aurora/gin-vue-admin/server]2023/03/12 - 00:44:59.640	[34minfo[0m	/pine/server/core/server.go:36	server run success on 	{"address": ":8888"}
[github.com/flipped-aurora/gin-vue-admin/server]2023/03/12 - 00:46:51.623	[34minfo[0m	/pine/server/initialize/gorm.go:60	register table success
[github.com/flipped-aurora/gin-vue-admin/server]2023/03/12 - 00:46:51.626	[34minfo[0m	/pine/server/initialize/router.go:39	register swagger handler
[github.com/flipped-aurora/gin-vue-admin/server]2023/03/12 - 00:46:51.626	[34minfo[0m	/pine/server/initialize/router.go:75	router register success
[github.com/flipped-aurora/gin-vue-admin/server]2023/03/12 - 00:46:51.627	[34minfo[0m	/pine/server/core/server.go:36	server run success on 	{"address": ":8888"}
[github.com/flipped-aurora/gin-vue-admin/server]2023/03/12 - 01:06:37.122	[34minfo[0m	/pine/gvmserve/initialize/gorm.go:60	register table success
[github.com/flipped-aurora/gin-vue-admin/server]2023/03/12 - 01:06:37.128	[34minfo[0m	/pine/gvmserve/initialize/router.go:39	register swagger handler
[github.com/flipped-aurora/gin-vue-admin/server]2023/03/12 - 01:06:37.132	[34minfo[0m	/pine/gvmserve/initialize/router.go:75	router register success
[github.com/flipped-aurora/gin-vue-admin/server]2023/03/12 - 01:06:37.132	[34minfo[0m	/pine/gvmserve/core/server.go:36	server run success on 	{"address": ":8888"}
[github.com/flipped-aurora/gin-vue-admin/server]2023/03/12 - 01:07:21.927	[34minfo[0m	/pine/gvmserve/initialize/gorm.go:60	register table success
[github.com/flipped-aurora/gin-vue-admin/server]2023/03/12 - 01:07:21.929	[34minfo[0m	/pine/gvmserve/initialize/router.go:39	register swagger handler
[github.com/flipped-aurora/gin-vue-admin/server]2023/03/12 - 01:07:21.934	[34minfo[0m	/pine/gvmserve/initialize/router.go:75	router register success
[github.com/flipped-aurora/gin-vue-admin/server]2023/03/12 - 01:07:21.934	[34minfo[0m	/pine/gvmserve/core/server.go:36	server run success on 	{"address": ":7654"}
[github.com/flipped-aurora/gin-vue-admin/server]2023/03/12 - 01:09:09.586	[34minfo[0m	/pine/gvmserve/initialize/gorm.go:60	register table success
[github.com/flipped-aurora/gin-vue-admin/server]2023/03/12 - 01:09:09.597	[34minfo[0m	/pine/gvmserve/initialize/router.go:39	register swagger handler
[github.com/flipped-aurora/gin-vue-admin/server]2023/03/12 - 01:09:09.598	[34minfo[0m	/pine/gvmserve/initialize/router.go:75	router register success
[github.com/flipped-aurora/gin-vue-admin/server]2023/03/12 - 01:09:09.598	[34minfo[0m	/pine/gvmserve/core/server.go:36	server run success on 	{"address": ":7654"}
[github.com/flipped-aurora/gin-vue-admin/server]2023/03/12 - 01:12:07.004	[34minfo[0m	/pine/gvmserve/initialize/gorm.go:60	register table success
[github.com/flipped-aurora/gin-vue-admin/server]2023/03/12 - 01:12:07.011	[34minfo[0m	/pine/gvmserve/initialize/router.go:39	register swagger handler
[github.com/flipped-aurora/gin-vue-admin/server]2023/03/12 - 01:12:07.014	[34minfo[0m	/pine/gvmserve/initialize/router.go:75	router register success
[github.com/flipped-aurora/gin-vue-admin/server]2023/03/12 - 01:12:07.014	[34minfo[0m	/pine/gvmserve/core/server.go:36	server run success on 	{"address": ":7654"}
[github.com/flipped-aurora/gin-vue-admin/server]2023/03/12 - 01:26:36.138	[34minfo[0m	/pine/gvmserve/initialize/gorm.go:60	register table success
[github.com/flipped-aurora/gin-vue-admin/server]2023/03/12 - 01:26:36.141	[34minfo[0m	/pine/gvmserve/initialize/router.go:39	register swagger handler
[github.com/flipped-aurora/gin-vue-admin/server]2023/03/12 - 01:26:36.144	[34minfo[0m	/pine/gvmserve/initialize/router.go:75	router register success
[github.com/flipped-aurora/gin-vue-admin/server]2023/03/12 - 01:26:36.144	[34minfo[0m	/pine/gvmserve/core/server.go:36	server run success on 	{"address": ":7654"}
[github.com/flipped-aurora/gin-vue-admin/server]2023/03/12 - 01:32:55.519	[34minfo[0m	/pine/gvmserve/initialize/gorm.go:60	register table success
[github.com/flipped-aurora/gin-vue-admin/server]2023/03/12 - 01:32:55.523	[34minfo[0m	/pine/gvmserve/initialize/router.go:39	register swagger handler
[github.com/flipped-aurora/gin-vue-admin/server]2023/03/12 - 01:32:55.525	[34minfo[0m	/pine/gvmserve/initialize/router.go:75	router register success
[github.com/flipped-aurora/gin-vue-admin/server]2023/03/12 - 01:32:55.525	[34minfo[0m	/pine/gvmserve/core/server.go:36	server run success on 	{"address": ":7654"}
[github.com/flipped-aurora/gin-vue-admin/server]2023/03/12 - 01:36:47.970	[34minfo[0m	/pine/gvmserve/initialize/gorm.go:60	register table success
[github.com/flipped-aurora/gin-vue-admin/server]2023/03/12 - 01:36:47.973	[34minfo[0m	/pine/gvmserve/initialize/router.go:39	register swagger handler
[github.com/flipped-aurora/gin-vue-admin/server]2023/03/12 - 01:36:47.975	[34minfo[0m	/pine/gvmserve/initialize/router.go:75	router register success
[github.com/flipped-aurora/gin-vue-admin/server]2023/03/12 - 01:36:47.975	[34minfo[0m	/pine/gvmserve/core/server.go:36	server run success on 	{"address": ":7654"}
[github.com/flipped-aurora/gin-vue-admin/server]2023/03/12 - 01:38:54.525	[34minfo[0m	/pine/gvmserve/initialize/gorm.go:60	register table success
[github.com/flipped-aurora/gin-vue-admin/server]2023/03/12 - 01:38:54.531	[34minfo[0m	/pine/gvmserve/initialize/router.go:39	register swagger handler
[github.com/flipped-aurora/gin-vue-admin/server]2023/03/12 - 01:38:54.534	[34minfo[0m	/pine/gvmserve/initialize/router.go:75	router register success
[github.com/flipped-aurora/gin-vue-admin/server]2023/03/12 - 01:38:54.534	[34minfo[0m	/pine/gvmserve/core/server.go:36	server run success on 	{"address": ":7654"}
[github.com/flipped-aurora/gin-vue-admin/server]2023/03/12 - 01:41:55.013	[34minfo[0m	/pine/gvmserve/initialize/gorm.go:60	register table success
[github.com/flipped-aurora/gin-vue-admin/server]2023/03/12 - 01:41:55.016	[34minfo[0m	/pine/gvmserve/initialize/router.go:39	register swagger handler
[github.com/flipped-aurora/gin-vue-admin/server]2023/03/12 - 01:41:55.018	[34minfo[0m	/pine/gvmserve/initialize/router.go:75	router register success
[github.com/flipped-aurora/gin-vue-admin/server]2023/03/12 - 01:41:55.018	[34minfo[0m	/pine/gvmserve/core/server.go:36	server run success on 	{"address": ":7654"}
[github.com/flipped-aurora/gin-vue-admin/server]2023/03/12 - 01:42:24.614	[34minfo[0m	/pine/gvmserve/initialize/gorm.go:60	register table success
[github.com/flipped-aurora/gin-vue-admin/server]2023/03/12 - 01:42:24.616	[34minfo[0m	/pine/gvmserve/initialize/router.go:39	register swagger handler
[github.com/flipped-aurora/gin-vue-admin/server]2023/03/12 - 01:42:24.618	[34minfo[0m	/pine/gvmserve/initialize/router.go:75	router register success
[github.com/flipped-aurora/gin-vue-admin/server]2023/03/12 - 01:42:24.618	[34minfo[0m	/pine/gvmserve/core/server.go:36	server run success on 	{"address": ":7654"}
[github.com/flipped-aurora/gin-vue-admin/server]2023/03/12 - 01:43:28.065	[34minfo[0m	/pine/gvmserve/initialize/gorm.go:60	register table success
[github.com/flipped-aurora/gin-vue-admin/server]2023/03/12 - 01:43:28.068	[34minfo[0m	/pine/gvmserve/initialize/router.go:39	register swagger handler
[github.com/flipped-aurora/gin-vue-admin/server]2023/03/12 - 01:43:28.072	[34minfo[0m	/pine/gvmserve/initialize/router.go:75	router register success
[github.com/flipped-aurora/gin-vue-admin/server]2023/03/12 - 01:43:28.072	[34minfo[0m	/pine/gvmserve/core/server.go:36	server run success on 	{"address": ":7654"}
[github.com/flipped-aurora/gin-vue-admin/server]2023/03/12 - 01:43:58.794	[34minfo[0m	/pine/gvmserve/initialize/gorm.go:60	register table success
[github.com/flipped-aurora/gin-vue-admin/server]2023/03/12 - 01:43:58.800	[34minfo[0m	/pine/gvmserve/initialize/router.go:39	register swagger handler
[github.com/flipped-aurora/gin-vue-admin/server]2023/03/12 - 01:43:58.803	[34minfo[0m	/pine/gvmserve/initialize/router.go:75	router register success
[github.com/flipped-aurora/gin-vue-admin/server]2023/03/12 - 01:43:58.803	[34minfo[0m	/pine/gvmserve/core/server.go:36	server run success on 	{"address": ":7654"}
[github.com/flipped-aurora/gin-vue-admin/server]2023/03/12 - 01:44:09.371	[34minfo[0m	/pine/gvmserve/initialize/gorm.go:60	register table success
[github.com/flipped-aurora/gin-vue-admin/server]2023/03/12 - 01:44:09.376	[34minfo[0m	/pine/gvmserve/initialize/router.go:39	register swagger handler
[github.com/flipped-aurora/gin-vue-admin/server]2023/03/12 - 01:44:09.378	[34minfo[0m	/pine/gvmserve/initialize/router.go:75	router register success
[github.com/flipped-aurora/gin-vue-admin/server]2023/03/12 - 01:44:09.378	[34minfo[0m	/pine/gvmserve/core/server.go:36	server run success on 	{"address": ":7654"}
[github.com/flipped-aurora/gin-vue-admin/server]2023/03/12 - 01:44:35.306	[34minfo[0m	/pine/gvmserve/initialize/gorm.go:60	register table success
[github.com/flipped-aurora/gin-vue-admin/server]2023/03/12 - 01:44:35.311	[34minfo[0m	/pine/gvmserve/initialize/router.go:39	register swagger handler
[github.com/flipped-aurora/gin-vue-admin/server]2023/03/12 - 01:44:35.312	[34minfo[0m	/pine/gvmserve/initialize/router.go:75	router register success
[github.com/flipped-aurora/gin-vue-admin/server]2023/03/12 - 01:44:35.313	[34minfo[0m	/pine/gvmserve/core/server.go:36	server run success on 	{"address": ":7654"}
[github.com/flipped-aurora/gin-vue-admin/server]2023/03/12 - 01:45:44.598	[34minfo[0m	/pine/gvmserve/initialize/gorm.go:60	register table success
[github.com/flipped-aurora/gin-vue-admin/server]2023/03/12 - 01:45:44.601	[34minfo[0m	/pine/gvmserve/initialize/router.go:39	register swagger handler
[github.com/flipped-aurora/gin-vue-admin/server]2023/03/12 - 01:45:44.604	[34minfo[0m	/pine/gvmserve/initialize/router.go:75	router register success
[github.com/flipped-aurora/gin-vue-admin/server]2023/03/12 - 01:45:44.604	[34minfo[0m	/pine/gvmserve/core/server.go:36	server run success on 	{"address": ":7654"}
[github.com/flipped-aurora/gin-vue-admin/server]2023/03/12 - 01:46:54.863	[34minfo[0m	/pine/gvmserve/initialize/gorm.go:60	register table success
[github.com/flipped-aurora/gin-vue-admin/server]2023/03/12 - 01:46:54.867	[34minfo[0m	/pine/gvmserve/initialize/router.go:39	register swagger handler
[github.com/flipped-aurora/gin-vue-admin/server]2023/03/12 - 01:46:54.870	[34minfo[0m	/pine/gvmserve/initialize/router.go:75	router register success
[github.com/flipped-aurora/gin-vue-admin/server]2023/03/12 - 01:46:54.871	[34minfo[0m	/pine/gvmserve/core/server.go:36	server run success on 	{"address": ":7654"}
[github.com/flipped-aurora/gin-vue-admin/server]2023/03/12 - 01:48:09.336	[34minfo[0m	/pine/gvmserve/initialize/gorm.go:60	register table success
[github.com/flipped-aurora/gin-vue-admin/server]2023/03/12 - 01:48:09.340	[34minfo[0m	/pine/gvmserve/initialize/router.go:39	register swagger handler
[github.com/flipped-aurora/gin-vue-admin/server]2023/03/12 - 01:48:09.344	[34minfo[0m	/pine/gvmserve/initialize/router.go:75	router register success
[github.com/flipped-aurora/gin-vue-admin/server]2023/03/12 - 01:48:09.344	[34minfo[0m	/pine/gvmserve/core/server.go:36	server run success on 	{"address": ":7654"}
[github.com/flipped-aurora/gin-vue-admin/server]2023/03/12 - 01:49:40.987	[34minfo[0m	/pine/gvmserve/initialize/gorm.go:60	register table success
[github.com/flipped-aurora/gin-vue-admin/server]2023/03/12 - 01:49:40.994	[34minfo[0m	/pine/gvmserve/initialize/router.go:39	register swagger handler
[github.com/flipped-aurora/gin-vue-admin/server]2023/03/12 - 01:49:40.997	[34minfo[0m	/pine/gvmserve/initialize/router.go:75	router register success
[github.com/flipped-aurora/gin-vue-admin/server]2023/03/12 - 01:49:40.997	[34minfo[0m	/pine/gvmserve/core/server.go:36	server run success on 	{"address": ":7654"}
[github.com/flipped-aurora/gin-vue-admin/server]2023/03/12 - 01:50:02.227	[34minfo[0m	/pine/gvmserve/initialize/gorm.go:60	register table success
[github.com/flipped-aurora/gin-vue-admin/server]2023/03/12 - 01:50:02.232	[34minfo[0m	/pine/gvmserve/initialize/router.go:39	register swagger handler
[github.com/flipped-aurora/gin-vue-admin/server]2023/03/12 - 01:50:02.233	[34minfo[0m	/pine/gvmserve/initialize/router.go:75	router register success
[github.com/flipped-aurora/gin-vue-admin/server]2023/03/12 - 01:50:02.233	[34minfo[0m	/pine/gvmserve/core/server.go:36	server run success on 	{"address": ":7654"}
[github.com/flipped-aurora/gin-vue-admin/server]2023/03/12 - 01:53:14.902	[34minfo[0m	/pine/gvmserve/initialize/gorm.go:60	register table success
[github.com/flipped-aurora/gin-vue-admin/server]2023/03/12 - 01:53:14.906	[34minfo[0m	/pine/gvmserve/initialize/router.go:39	register swagger handler
[github.com/flipped-aurora/gin-vue-admin/server]2023/03/12 - 01:53:14.910	[34minfo[0m	/pine/gvmserve/initialize/router.go:75	router register success
[github.com/flipped-aurora/gin-vue-admin/server]2023/03/12 - 01:53:14.910	[34minfo[0m	/pine/gvmserve/core/server.go:36	server run success on 	{"address": ":7654"}
[github.com/flipped-aurora/gin-vue-admin/server]2023/03/12 - 01:53:59.876	[34minfo[0m	/pine/gvmserve/initialize/gorm.go:60	register table success
[github.com/flipped-aurora/gin-vue-admin/server]2023/03/12 - 01:53:59.879	[34minfo[0m	/pine/gvmserve/initialize/router.go:39	register swagger handler
[github.com/flipped-aurora/gin-vue-admin/server]2023/03/12 - 01:53:59.881	[34minfo[0m	/pine/gvmserve/initialize/router.go:75	router register success
[github.com/flipped-aurora/gin-vue-admin/server]2023/03/12 - 01:53:59.881	[34minfo[0m	/pine/gvmserve/core/server.go:36	server run success on 	{"address": ":7654"}
[github.com/flipped-aurora/gin-vue-admin/server]2023/03/12 - 01:54:17.215	[34minfo[0m	/pine/gvmserve/initialize/gorm.go:60	register table success
[github.com/flipped-aurora/gin-vue-admin/server]2023/03/12 - 01:54:17.219	[34minfo[0m	/pine/gvmserve/initialize/router.go:39	register swagger handler
[github.com/flipped-aurora/gin-vue-admin/server]2023/03/12 - 01:54:17.222	[34minfo[0m	/pine/gvmserve/initialize/router.go:75	router register success
[github.com/flipped-aurora/gin-vue-admin/server]2023/03/12 - 01:54:17.222	[34minfo[0m	/pine/gvmserve/core/server.go:36	server run success on 	{"address": ":7654"}
[github.com/flipped-aurora/gin-vue-admin/server]2023/03/12 - 01:54:37.099	[34minfo[0m	/pine/gvmserve/initialize/gorm.go:60	register table success
[github.com/flipped-aurora/gin-vue-admin/server]2023/03/12 - 01:54:37.101	[34minfo[0m	/pine/gvmserve/initialize/router.go:39	register swagger handler
[github.com/flipped-aurora/gin-vue-admin/server]2023/03/12 - 01:54:37.105	[34minfo[0m	/pine/gvmserve/initialize/router.go:75	router register success
[github.com/flipped-aurora/gin-vue-admin/server]2023/03/12 - 01:54:37.105	[34minfo[0m	/pine/gvmserve/core/server.go:36	server run success on 	{"address": ":7654"}
[github.com/flipped-aurora/gin-vue-admin/server]2023/03/12 - 01:55:19.393	[34minfo[0m	/pine/gvmserve/initialize/gorm.go:60	register table success
[github.com/flipped-aurora/gin-vue-admin/server]2023/03/12 - 01:55:19.408	[34minfo[0m	/pine/gvmserve/initialize/router.go:39	register swagger handler
[github.com/flipped-aurora/gin-vue-admin/server]2023/03/12 - 01:55:19.411	[34minfo[0m	/pine/gvmserve/initialize/router.go:75	router register success
[github.com/flipped-aurora/gin-vue-admin/server]2023/03/12 - 01:55:19.415	[34minfo[0m	/pine/gvmserve/core/server.go:36	server run success on 	{"address": ":7654"}
[github.com/flipped-aurora/gin-vue-admin/server]2023/03/12 - 01:55:20.087	[34minfo[0m	/pine/gvmserve/initialize/gorm.go:60	register table success
[github.com/flipped-aurora/gin-vue-admin/server]2023/03/12 - 01:55:20.088	[34minfo[0m	/pine/gvmserve/initialize/router.go:39	register swagger handler
[github.com/flipped-aurora/gin-vue-admin/server]2023/03/12 - 01:55:20.089	[34minfo[0m	/pine/gvmserve/initialize/router.go:75	router register success
[github.com/flipped-aurora/gin-vue-admin/server]2023/03/12 - 01:55:20.089	[34minfo[0m	/pine/gvmserve/core/server.go:36	server run success on 	{"address": ":7654"}
[github.com/flipped-aurora/gin-vue-admin/server]2023/03/12 - 01:55:45.215	[34minfo[0m	/pine/gvmserve/initialize/gorm.go:60	register table success
[github.com/flipped-aurora/gin-vue-admin/server]2023/03/12 - 01:55:45.220	[34minfo[0m	/pine/gvmserve/initialize/router.go:39	register swagger handler
[github.com/flipped-aurora/gin-vue-admin/server]2023/03/12 - 01:55:45.223	[34minfo[0m	/pine/gvmserve/initialize/router.go:75	router register success
[github.com/flipped-aurora/gin-vue-admin/server]2023/03/12 - 01:55:45.223	[34minfo[0m	/pine/gvmserve/core/server.go:36	server run success on 	{"address": ":7654"}
[github.com/flipped-aurora/gin-vue-admin/server]2023/03/12 - 01:56:05.561	[34minfo[0m	/pine/gvmserve/initialize/gorm.go:60	register table success
[github.com/flipped-aurora/gin-vue-admin/server]2023/03/12 - 01:56:05.568	[34minfo[0m	/pine/gvmserve/initialize/router.go:39	register swagger handler
[github.com/flipped-aurora/gin-vue-admin/server]2023/03/12 - 01:56:05.570	[34minfo[0m	/pine/gvmserve/initialize/router.go:75	router register success
[github.com/flipped-aurora/gin-vue-admin/server]2023/03/12 - 01:56:05.570	[34minfo[0m	/pine/gvmserve/core/server.go:36	server run success on 	{"address": ":7654"}
[github.com/flipped-aurora/gin-vue-admin/server]2023/03/12 - 01:56:14.886	[34minfo[0m	/pine/gvmserve/initialize/gorm.go:60	register table success
[github.com/flipped-aurora/gin-vue-admin/server]2023/03/12 - 01:56:14.890	[34minfo[0m	/pine/gvmserve/initialize/router.go:39	register swagger handler
[github.com/flipped-aurora/gin-vue-admin/server]2023/03/12 - 01:56:14.893	[34minfo[0m	/pine/gvmserve/initialize/router.go:75	router register success
[github.com/flipped-aurora/gin-vue-admin/server]2023/03/12 - 01:56:14.894	[34minfo[0m	/pine/gvmserve/core/server.go:36	server run success on 	{"address": ":7654"}
[github.com/flipped-aurora/gin-vue-admin/server]2023/03/12 - 01:56:24.102	[34minfo[0m	/pine/gvmserve/initialize/gorm.go:60	register table success
[github.com/flipped-aurora/gin-vue-admin/server]2023/03/12 - 01:56:24.106	[34minfo[0m	/pine/gvmserve/initialize/router.go:39	register swagger handler
[github.com/flipped-aurora/gin-vue-admin/server]2023/03/12 - 01:56:24.108	[34minfo[0m	/pine/gvmserve/initialize/router.go:75	router register success
[github.com/flipped-aurora/gin-vue-admin/server]2023/03/12 - 01:56:24.108	[34minfo[0m	/pine/gvmserve/core/server.go:36	server run success on 	{"address": ":7654"}
[github.com/flipped-aurora/gin-vue-admin/server]2023/03/12 - 01:56:43.702	[34minfo[0m	/pine/gvmserve/initialize/gorm.go:60	register table success
[github.com/flipped-aurora/gin-vue-admin/server]2023/03/12 - 01:56:43.716	[34minfo[0m	/pine/gvmserve/initialize/router.go:39	register swagger handler
[github.com/flipped-aurora/gin-vue-admin/server]2023/03/12 - 01:56:43.719	[34minfo[0m	/pine/gvmserve/initialize/router.go:75	router register success
[github.com/flipped-aurora/gin-vue-admin/server]2023/03/12 - 01:56:43.719	[34minfo[0m	/pine/gvmserve/core/server.go:36	server run success on 	{"address": ":7654"}
[github.com/flipped-aurora/gin-vue-admin/server]2023/03/12 - 01:57:00.299	[34minfo[0m	/pine/gvmserve/initialize/gorm.go:60	register table success
[github.com/flipped-aurora/gin-vue-admin/server]2023/03/12 - 01:57:00.302	[34minfo[0m	/pine/gvmserve/initialize/router.go:39	register swagger handler
[github.com/flipped-aurora/gin-vue-admin/server]2023/03/12 - 01:57:00.306	[34minfo[0m	/pine/gvmserve/initialize/router.go:75	router register success
[github.com/flipped-aurora/gin-vue-admin/server]2023/03/12 - 01:57:00.306	[34minfo[0m	/pine/gvmserve/core/server.go:36	server run success on 	{"address": ":7654"}
[github.com/flipped-aurora/gin-vue-admin/server]2023/03/12 - 01:57:16.163	[34minfo[0m	/pine/gvmserve/initialize/gorm.go:60	register table success
[github.com/flipped-aurora/gin-vue-admin/server]2023/03/12 - 01:57:16.165	[34minfo[0m	/pine/gvmserve/initialize/router.go:39	register swagger handler
[github.com/flipped-aurora/gin-vue-admin/server]2023/03/12 - 01:57:16.168	[34minfo[0m	/pine/gvmserve/initialize/router.go:75	router register success
[github.com/flipped-aurora/gin-vue-admin/server]2023/03/12 - 01:57:16.168	[34minfo[0m	/pine/gvmserve/core/server.go:36	server run success on 	{"address": ":7654"}
[github.com/flipped-aurora/gin-vue-admin/server]2023/03/12 - 01:57:43.976	[34minfo[0m	/pine/gvmserve/initialize/gorm.go:60	register table success
[github.com/flipped-aurora/gin-vue-admin/server]2023/03/12 - 01:57:43.979	[34minfo[0m	/pine/gvmserve/initialize/router.go:39	register swagger handler
[github.com/flipped-aurora/gin-vue-admin/server]2023/03/12 - 01:57:43.982	[34minfo[0m	/pine/gvmserve/initialize/router.go:75	router register success
[github.com/flipped-aurora/gin-vue-admin/server]2023/03/12 - 01:57:43.982	[34minfo[0m	/pine/gvmserve/core/server.go:36	server run success on 	{"address": ":7654"}
[github.com/flipped-aurora/gin-vue-admin/server]2023/03/12 - 01:57:52.263	[34minfo[0m	/pine/gvmserve/initialize/gorm.go:60	register table success
[github.com/flipped-aurora/gin-vue-admin/server]2023/03/12 - 01:57:52.265	[34minfo[0m	/pine/gvmserve/initialize/router.go:39	register swagger handler
[github.com/flipped-aurora/gin-vue-admin/server]2023/03/12 - 01:57:52.268	[34minfo[0m	/pine/gvmserve/initialize/router.go:75	router register success
[github.com/flipped-aurora/gin-vue-admin/server]2023/03/12 - 01:57:52.268	[34minfo[0m	/pine/gvmserve/core/server.go:36	server run success on 	{"address": ":7654"}
[github.com/flipped-aurora/gin-vue-admin/server]2023/03/12 - 01:58:06.201	[34minfo[0m	/pine/gvmserve/initialize/gorm.go:60	register table success
[github.com/flipped-aurora/gin-vue-admin/server]2023/03/12 - 01:58:06.203	[34minfo[0m	/pine/gvmserve/initialize/router.go:39	register swagger handler
[github.com/flipped-aurora/gin-vue-admin/server]2023/03/12 - 01:58:06.205	[34minfo[0m	/pine/gvmserve/initialize/router.go:75	router register success
[github.com/flipped-aurora/gin-vue-admin/server]2023/03/12 - 01:58:06.205	[34minfo[0m	/pine/gvmserve/core/server.go:36	server run success on 	{"address": ":7654"}
[github.com/flipped-aurora/gin-vue-admin/server]2023/03/12 - 01:58:17.937	[34minfo[0m	/pine/gvmserve/initialize/gorm.go:60	register table success
[github.com/flipped-aurora/gin-vue-admin/server]2023/03/12 - 01:58:17.941	[34minfo[0m	/pine/gvmserve/initialize/router.go:39	register swagger handler
[github.com/flipped-aurora/gin-vue-admin/server]2023/03/12 - 01:58:17.944	[34minfo[0m	/pine/gvmserve/initialize/router.go:75	router register success
[github.com/flipped-aurora/gin-vue-admin/server]2023/03/12 - 01:58:17.944	[34minfo[0m	/pine/gvmserve/core/server.go:36	server run success on 	{"address": ":7654"}
[github.com/flipped-aurora/gin-vue-admin/server]2023/03/12 - 02:12:15.973	[34minfo[0m	/pine/gvmserve/initialize/gorm.go:60	register table success
[github.com/flipped-aurora/gin-vue-admin/server]2023/03/12 - 02:12:15.976	[34minfo[0m	/pine/gvmserve/initialize/router.go:39	register swagger handler
[github.com/flipped-aurora/gin-vue-admin/server]2023/03/12 - 02:12:15.979	[34minfo[0m	/pine/gvmserve/initialize/router.go:75	router register success
[github.com/flipped-aurora/gin-vue-admin/server]2023/03/12 - 02:12:15.979	[34minfo[0m	/pine/gvmserve/core/server.go:36	server run success on 	{"address": ":7654"}
[github.com/flipped-aurora/gin-vue-admin/server]2023/03/12 - 02:19:13.424	[34minfo[0m	/pine/gvmserve/initialize/gorm.go:60	register table success
[github.com/flipped-aurora/gin-vue-admin/server]2023/03/12 - 02:19:13.428	[34minfo[0m	/pine/gvmserve/initialize/router.go:39	register swagger handler
[github.com/flipped-aurora/gin-vue-admin/server]2023/03/12 - 02:19:13.429	[34minfo[0m	/pine/gvmserve/initialize/router.go:75	router register success
[github.com/flipped-aurora/gin-vue-admin/server]2023/03/12 - 02:19:13.430	[34minfo[0m	/pine/gvmserve/core/server.go:36	server run success on 	{"address": ":7654"}
[github.com/flipped-aurora/gin-vue-admin/server]2023/03/12 - 02:20:42.345	[34minfo[0m	/pine/gvmserve/initialize/gorm.go:60	register table success
[github.com/flipped-aurora/gin-vue-admin/server]2023/03/12 - 02:20:42.348	[34minfo[0m	/pine/gvmserve/initialize/router.go:39	register swagger handler
[github.com/flipped-aurora/gin-vue-admin/server]2023/03/12 - 02:20:42.350	[34minfo[0m	/pine/gvmserve/initialize/router.go:75	router register success
[github.com/flipped-aurora/gin-vue-admin/server]2023/03/12 - 02:20:42.350	[34minfo[0m	/pine/gvmserve/core/server.go:36	server run success on 	{"address": ":7654"}
[github.com/flipped-aurora/gin-vue-admin/server]2023/03/12 - 02:21:20.933	[34minfo[0m	/pine/gvmserve/initialize/gorm.go:60	register table success
[github.com/flipped-aurora/gin-vue-admin/server]2023/03/12 - 02:21:20.938	[34minfo[0m	/pine/gvmserve/initialize/router.go:39	register swagger handler
[github.com/flipped-aurora/gin-vue-admin/server]2023/03/12 - 02:21:20.939	[34minfo[0m	/pine/gvmserve/initialize/router.go:75	router register success
[github.com/flipped-aurora/gin-vue-admin/server]2023/03/12 - 02:21:20.939	[34minfo[0m	/pine/gvmserve/core/server.go:36	server run success on 	{"address": ":7654"}
[github.com/flipped-aurora/gin-vue-admin/server]2023/03/12 - 02:28:51.679	[34minfo[0m	/pine/gvmserve/initialize/gorm.go:60	register table success
[github.com/flipped-aurora/gin-vue-admin/server]2023/03/12 - 02:28:51.685	[34minfo[0m	/pine/gvmserve/initialize/router.go:39	register swagger handler
[github.com/flipped-aurora/gin-vue-admin/server]2023/03/12 - 02:28:51.687	[34minfo[0m	/pine/gvmserve/initialize/router.go:75	router register success
[github.com/flipped-aurora/gin-vue-admin/server]2023/03/12 - 02:28:51.688	[34minfo[0m	/pine/gvmserve/core/server.go:36	server run success on 	{"address": ":7654"}
[github.com/flipped-aurora/gin-vue-admin/server]2023/03/12 - 02:34:45.091	[34minfo[0m	/pine/gvmserve/initialize/gorm.go:60	register table success
[github.com/flipped-aurora/gin-vue-admin/server]2023/03/12 - 02:34:45.095	[34minfo[0m	/pine/gvmserve/initialize/router.go:39	register swagger handler
[github.com/flipped-aurora/gin-vue-admin/server]2023/03/12 - 02:34:45.097	[34minfo[0m	/pine/gvmserve/initialize/router.go:75	router register success
[github.com/flipped-aurora/gin-vue-admin/server]2023/03/12 - 02:34:45.097	[34minfo[0m	/pine/gvmserve/core/server.go:36	server run success on 	{"address": ":7654"}
[github.com/flipped-aurora/gin-vue-admin/server]2023/03/12 - 02:38:31.105	[34minfo[0m	/pine/gvmserve/initialize/gorm.go:60	register table success
[github.com/flipped-aurora/gin-vue-admin/server]2023/03/12 - 02:38:31.107	[34minfo[0m	/pine/gvmserve/initialize/router.go:39	register swagger handler
[github.com/flipped-aurora/gin-vue-admin/server]2023/03/12 - 02:38:31.108	[34minfo[0m	/pine/gvmserve/initialize/router.go:75	router register success
[github.com/flipped-aurora/gin-vue-admin/server]2023/03/12 - 02:38:31.109	[34minfo[0m	/pine/gvmserve/core/server.go:36	server run success on 	{"address": ":7654"}
[github.com/flipped-aurora/gin-vue-admin/server]2023/03/12 - 02:48:46.011	[34minfo[0m	/pine/gvmserve/initialize/gorm.go:60	register table success
[github.com/flipped-aurora/gin-vue-admin/server]2023/03/12 - 02:48:46.015	[34minfo[0m	/pine/gvmserve/initialize/router.go:39	register swagger handler
[github.com/flipped-aurora/gin-vue-admin/server]2023/03/12 - 02:48:46.017	[34minfo[0m	/pine/gvmserve/initialize/router.go:75	router register success
[github.com/flipped-aurora/gin-vue-admin/server]2023/03/12 - 02:48:46.017	[34minfo[0m	/pine/gvmserve/core/server.go:36	server run success on 	{"address": ":7654"}
[github.com/flipped-aurora/gin-vue-admin/server]2023/03/12 - 03:13:45.936	[34minfo[0m	/pine/gvmserve/initialize/gorm.go:60	register table success
[github.com/flipped-aurora/gin-vue-admin/server]2023/03/12 - 03:13:45.939	[34minfo[0m	/pine/gvmserve/initialize/router.go:39	register swagger handler
[github.com/flipped-aurora/gin-vue-admin/server]2023/03/12 - 03:13:45.942	[34minfo[0m	/pine/gvmserve/initialize/router.go:75	router register success
[github.com/flipped-aurora/gin-vue-admin/server]2023/03/12 - 03:13:45.942	[34minfo[0m	/pine/gvmserve/core/server.go:36	server run success on 	{"address": ":7654"}
[github.com/flipped-aurora/gin-vue-admin/server]2023/03/12 - 03:23:34.986	[34minfo[0m	/pine/gvmserve/initialize/gorm.go:60	register table success
[github.com/flipped-aurora/gin-vue-admin/server]2023/03/12 - 03:23:34.991	[34minfo[0m	/pine/gvmserve/initialize/router.go:39	register swagger handler
[github.com/flipped-aurora/gin-vue-admin/server]2023/03/12 - 03:23:34.993	[34minfo[0m	/pine/gvmserve/initialize/router.go:75	router register success
[github.com/flipped-aurora/gin-vue-admin/server]2023/03/12 - 03:23:34.993	[34minfo[0m	/pine/gvmserve/core/server.go:36	server run success on 	{"address": ":7654"}
[github.com/flipped-aurora/gin-vue-admin/server]2023/03/12 - 03:35:23.746	[34minfo[0m	/pine/gvmserve/initialize/gorm.go:60	register table success
[github.com/flipped-aurora/gin-vue-admin/server]2023/03/12 - 03:35:23.749	[34minfo[0m	/pine/gvmserve/initialize/router.go:39	register swagger handler
[github.com/flipped-aurora/gin-vue-admin/server]2023/03/12 - 03:35:23.752	[34minfo[0m	/pine/gvmserve/initialize/router.go:75	router register success
[github.com/flipped-aurora/gin-vue-admin/server]2023/03/12 - 03:35:23.752	[34minfo[0m	/pine/gvmserve/core/server.go:36	server run success on 	{"address": ":7654"}
[github.com/flipped-aurora/gin-vue-admin/server]2023/03/12 - 03:40:22.602	[34minfo[0m	/pine/gvmserve/initialize/gorm.go:60	register table success
[github.com/flipped-aurora/gin-vue-admin/server]2023/03/12 - 03:40:22.608	[34minfo[0m	/pine/gvmserve/initialize/router.go:39	register swagger handler
[github.com/flipped-aurora/gin-vue-admin/server]2023/03/12 - 03:40:22.610	[34minfo[0m	/pine/gvmserve/initialize/router.go:75	router register success
[github.com/flipped-aurora/gin-vue-admin/server]2023/03/12 - 03:40:22.610	[34minfo[0m	/pine/gvmserve/core/server.go:36	server run success on 	{"address": ":7654"}
[github.com/flipped-aurora/gin-vue-admin/server]2023/03/12 - 03:43:58.182	[34minfo[0m	/pine/gvmserve/initialize/gorm.go:60	register table success
[github.com/flipped-aurora/gin-vue-admin/server]2023/03/12 - 03:43:58.196	[34minfo[0m	/pine/gvmserve/initialize/router.go:39	register swagger handler
[github.com/flipped-aurora/gin-vue-admin/server]2023/03/12 - 03:43:58.198	[34minfo[0m	/pine/gvmserve/initialize/router.go:75	router register success
[github.com/flipped-aurora/gin-vue-admin/server]2023/03/12 - 03:43:58.198	[34minfo[0m	/pine/gvmserve/core/server.go:36	server run success on 	{"address": ":7654"}
[github.com/flipped-aurora/gin-vue-admin/server]2023/03/12 - 03:50:18.716	[34minfo[0m	/pine/gvmserve/initialize/gorm.go:60	register table success
[github.com/flipped-aurora/gin-vue-admin/server]2023/03/12 - 03:50:18.721	[34minfo[0m	/pine/gvmserve/initialize/router.go:39	register swagger handler
[github.com/flipped-aurora/gin-vue-admin/server]2023/03/12 - 03:50:18.724	[34minfo[0m	/pine/gvmserve/initialize/router.go:75	router register success
[github.com/flipped-aurora/gin-vue-admin/server]2023/03/12 - 03:50:18.724	[34minfo[0m	/pine/gvmserve/core/server.go:36	server run success on 	{"address": ":7654"}
[github.com/flipped-aurora/gin-vue-admin/server]2023/03/12 - 04:08:54.684	[34minfo[0m	/pine/gvmserve/initialize/gorm.go:60	register table success
[github.com/flipped-aurora/gin-vue-admin/server]2023/03/12 - 04:08:54.694	[34minfo[0m	/pine/gvmserve/initialize/router.go:39	register swagger handler
[github.com/flipped-aurora/gin-vue-admin/server]2023/03/12 - 04:08:54.697	[34minfo[0m	/pine/gvmserve/initialize/router.go:75	router register success
[github.com/flipped-aurora/gin-vue-admin/server]2023/03/12 - 04:08:54.698	[34minfo[0m	/pine/gvmserve/core/server.go:36	server run success on 	{"address": ":7654"}
[github.com/flipped-aurora/gin-vue-admin/server]2023/03/12 - 04:11:49.015	[34minfo[0m	/pine/gvmserve/initialize/gorm.go:60	register table success
[github.com/flipped-aurora/gin-vue-admin/server]2023/03/12 - 04:11:49.018	[34minfo[0m	/pine/gvmserve/initialize/router.go:39	register swagger handler
[github.com/flipped-aurora/gin-vue-admin/server]2023/03/12 - 04:11:49.020	[34minfo[0m	/pine/gvmserve/initialize/router.go:75	router register success
[github.com/flipped-aurora/gin-vue-admin/server]2023/03/12 - 04:11:49.020	[34minfo[0m	/pine/gvmserve/core/server.go:36	server run success on 	{"address": ":7654"}
[github.com/flipped-aurora/gin-vue-admin/server]2023/03/12 - 04:18:02.320	[34minfo[0m	/pine/gvmserve/initialize/gorm.go:60	register table success
[github.com/flipped-aurora/gin-vue-admin/server]2023/03/12 - 04:18:02.323	[34minfo[0m	/pine/gvmserve/initialize/router.go:39	register swagger handler
[github.com/flipped-aurora/gin-vue-admin/server]2023/03/12 - 04:18:02.325	[34minfo[0m	/pine/gvmserve/initialize/router.go:75	router register success
[github.com/flipped-aurora/gin-vue-admin/server]2023/03/12 - 04:18:02.325	[34minfo[0m	/pine/gvmserve/core/server.go:36	server run success on 	{"address": ":7654"}
[github.com/flipped-aurora/gin-vue-admin/server]2023/03/12 - 04:23:28.020	[34minfo[0m	/pine/gvmserve/initialize/gorm.go:60	register table success
[github.com/flipped-aurora/gin-vue-admin/server]2023/03/12 - 04:23:28.023	[34minfo[0m	/pine/gvmserve/initialize/router.go:40	register swagger handler
[github.com/flipped-aurora/gin-vue-admin/server]2023/03/12 - 04:23:28.024	[34minfo[0m	/pine/gvmserve/initialize/router.go:78	router register success
[github.com/flipped-aurora/gin-vue-admin/server]2023/03/12 - 04:23:28.024	[34minfo[0m	/pine/gvmserve/core/server.go:36	server run success on 	{"address": ":7654"}
[github.com/flipped-aurora/gin-vue-admin/server]2023/03/12 - 04:53:12.390	[34minfo[0m	/pine/gvmserve/initialize/gorm.go:60	register table success
[github.com/flipped-aurora/gin-vue-admin/server]2023/03/12 - 04:53:12.393	[34minfo[0m	/pine/gvmserve/initialize/router.go:40	register swagger handler
[github.com/flipped-aurora/gin-vue-admin/server]2023/03/12 - 04:53:12.394	[34minfo[0m	/pine/gvmserve/initialize/router.go:78	router register success
[github.com/flipped-aurora/gin-vue-admin/server]2023/03/12 - 04:53:12.395	[34minfo[0m	/pine/gvmserve/core/server.go:36	server run success on 	{"address": ":7654"}
[github.com/flipped-aurora/gin-vue-admin/server]2023/03/12 - 05:57:12.521	[34minfo[0m	/pine/gvmserve/initialize/gorm.go:60	register table success
[github.com/flipped-aurora/gin-vue-admin/server]2023/03/12 - 05:57:12.526	[34minfo[0m	/pine/gvmserve/initialize/router.go:40	register swagger handler
[github.com/flipped-aurora/gin-vue-admin/server]2023/03/12 - 05:57:12.528	[34minfo[0m	/pine/gvmserve/initialize/router.go:78	router register success
[github.com/flipped-aurora/gin-vue-admin/server]2023/03/12 - 05:57:12.528	[34minfo[0m	/pine/gvmserve/core/server.go:36	server run success on 	{"address": ":7654"}
[github.com/flipped-aurora/gin-vue-admin/server]2023/03/12 - 05:58:46.336	[34minfo[0m	/pine/gvmserve/initialize/gorm.go:60	register table success
[github.com/flipped-aurora/gin-vue-admin/server]2023/03/12 - 05:58:46.340	[34minfo[0m	/pine/gvmserve/initialize/router.go:40	register swagger handler
[github.com/flipped-aurora/gin-vue-admin/server]2023/03/12 - 05:58:46.342	[34minfo[0m	/pine/gvmserve/initialize/router.go:78	router register success
[github.com/flipped-aurora/gin-vue-admin/server]2023/03/12 - 05:58:46.343	[34minfo[0m	/pine/gvmserve/core/server.go:36	server run success on 	{"address": ":7654"}
[github.com/flipped-aurora/gin-vue-admin/server]2023/03/12 - 05:59:29.411	[34minfo[0m	/pine/gvmserve/initialize/gorm.go:60	register table success
[github.com/flipped-aurora/gin-vue-admin/server]2023/03/12 - 05:59:29.415	[34minfo[0m	/pine/gvmserve/initialize/router.go:40	register swagger handler
[github.com/flipped-aurora/gin-vue-admin/server]2023/03/12 - 05:59:29.417	[34minfo[0m	/pine/gvmserve/initialize/router.go:78	router register success
[github.com/flipped-aurora/gin-vue-admin/server]2023/03/12 - 05:59:29.417	[34minfo[0m	/pine/gvmserve/core/server.go:36	server run success on 	{"address": ":7654"}
[github.com/flipped-aurora/gin-vue-admin/server]2023/03/12 - 06:01:50.294	[34minfo[0m	/pine/gvmserve/initialize/gorm.go:60	register table success
[github.com/flipped-aurora/gin-vue-admin/server]2023/03/12 - 06:01:50.297	[34minfo[0m	/pine/gvmserve/initialize/router.go:40	register swagger handler
[github.com/flipped-aurora/gin-vue-admin/server]2023/03/12 - 06:01:50.299	[34minfo[0m	/pine/gvmserve/initialize/router.go:78	router register success
[github.com/flipped-aurora/gin-vue-admin/server]2023/03/12 - 06:01:50.299	[34minfo[0m	/pine/gvmserve/core/server.go:36	server run success on 	{"address": ":7654"}
[github.com/flipped-aurora/gin-vue-admin/server]2023/03/12 - 06:31:50.153	[34minfo[0m	/pine/gvmserve/initialize/gorm.go:60	register table success
[github.com/flipped-aurora/gin-vue-admin/server]2023/03/12 - 06:31:50.155	[34minfo[0m	/pine/gvmserve/initialize/router.go:40	register swagger handler
[github.com/flipped-aurora/gin-vue-admin/server]2023/03/12 - 06:31:50.156	[34minfo[0m	/pine/gvmserve/initialize/router.go:78	router register success
[github.com/flipped-aurora/gin-vue-admin/server]2023/03/12 - 06:31:50.157	[34minfo[0m	/pine/gvmserve/core/server.go:36	server run success on 	{"address": ":7654"}
[github.com/flipped-aurora/gin-vue-admin/server]2023/03/12 - 06:35:45.661	[34minfo[0m	/pine/gvmserve/initialize/gorm.go:60	register table success
[github.com/flipped-aurora/gin-vue-admin/server]2023/03/12 - 06:35:45.668	[34minfo[0m	/pine/gvmserve/initialize/router.go:40	register swagger handler
[github.com/flipped-aurora/gin-vue-admin/server]2023/03/12 - 06:35:45.669	[34minfo[0m	/pine/gvmserve/initialize/router.go:78	router register success
[github.com/flipped-aurora/gin-vue-admin/server]2023/03/12 - 06:35:45.669	[34minfo[0m	/pine/gvmserve/core/server.go:36	server run success on 	{"address": ":7654"}
[github.com/flipped-aurora/gin-vue-admin/server]2023/03/12 - 06:38:38.737	[34minfo[0m	/pine/gvmserve/initialize/gorm.go:60	register table success
[github.com/flipped-aurora/gin-vue-admin/server]2023/03/12 - 06:38:38.739	[34minfo[0m	/pine/gvmserve/initialize/router.go:40	register swagger handler
[github.com/flipped-aurora/gin-vue-admin/server]2023/03/12 - 06:38:38.741	[34minfo[0m	/pine/gvmserve/initialize/router.go:78	router register success
[github.com/flipped-aurora/gin-vue-admin/server]2023/03/12 - 06:38:38.742	[34minfo[0m	/pine/gvmserve/core/server.go:36	server run success on 	{"address": ":7654"}
[github.com/flipped-aurora/gin-vue-admin/server]2023/03/12 - 06:40:31.055	[34minfo[0m	/pine/gvmserve/initialize/gorm.go:60	register table success
[github.com/flipped-aurora/gin-vue-admin/server]2023/03/12 - 06:40:31.057	[34minfo[0m	/pine/gvmserve/initialize/router.go:40	register swagger handler
[github.com/flipped-aurora/gin-vue-admin/server]2023/03/12 - 06:40:31.058	[34minfo[0m	/pine/gvmserve/initialize/router.go:78	router register success
[github.com/flipped-aurora/gin-vue-admin/server]2023/03/12 - 06:40:31.058	[34minfo[0m	/pine/gvmserve/core/server.go:36	server run success on 	{"address": ":7654"}
[github.com/flipped-aurora/gin-vue-admin/server]2023/03/12 - 12:29:05.672	[34minfo[0m	/pine/gvmserve/initialize/gorm.go:60	register table success
[github.com/flipped-aurora/gin-vue-admin/server]2023/03/12 - 12:29:05.674	[34minfo[0m	/pine/gvmserve/initialize/router.go:40	register swagger handler
[github.com/flipped-aurora/gin-vue-admin/server]2023/03/12 - 12:29:05.676	[34minfo[0m	/pine/gvmserve/initialize/router.go:78	router register success
[github.com/flipped-aurora/gin-vue-admin/server]2023/03/12 - 12:29:05.676	[34minfo[0m	/pine/gvmserve/core/server.go:36	server run success on 	{"address": ":7654"}
[github.com/flipped-aurora/gin-vue-admin/server]2023/03/12 - 12:49:14.294	[34minfo[0m	/pine/gvmserve/initialize/gorm.go:60	register table success
[github.com/flipped-aurora/gin-vue-admin/server]2023/03/12 - 12:49:14.297	[34minfo[0m	/pine/gvmserve/initialize/router.go:40	register swagger handler
[github.com/flipped-aurora/gin-vue-admin/server]2023/03/12 - 12:49:14.299	[34minfo[0m	/pine/gvmserve/initialize/router.go:78	router register success
[github.com/flipped-aurora/gin-vue-admin/server]2023/03/12 - 12:49:14.299	[34minfo[0m	/pine/gvmserve/core/server.go:36	server run success on 	{"address": ":7654"}
[github.com/flipped-aurora/gin-vue-admin/server]2023/03/12 - 13:00:09.607	[34minfo[0m	/pine/gvmserve/initialize/gorm.go:60	register table success
[github.com/flipped-aurora/gin-vue-admin/server]2023/03/12 - 13:00:09.610	[34minfo[0m	/pine/gvmserve/initialize/router.go:40	register swagger handler
[github.com/flipped-aurora/gin-vue-admin/server]2023/03/12 - 13:00:09.613	[34minfo[0m	/pine/gvmserve/initialize/router.go:78	router register success
[github.com/flipped-aurora/gin-vue-admin/server]2023/03/12 - 13:00:09.613	[34minfo[0m	/pine/gvmserve/core/server.go:36	server run success on 	{"address": ":7654"}
[github.com/flipped-aurora/gin-vue-admin/server]2023/03/12 - 13:13:36.701	[34minfo[0m	/pine/gvmserve/initialize/gorm.go:60	register table success
[github.com/flipped-aurora/gin-vue-admin/server]2023/03/12 - 13:13:36.705	[34minfo[0m	/pine/gvmserve/initialize/router.go:40	register swagger handler
[github.com/flipped-aurora/gin-vue-admin/server]2023/03/12 - 13:13:36.708	[34minfo[0m	/pine/gvmserve/initialize/router.go:78	router register success
[github.com/flipped-aurora/gin-vue-admin/server]2023/03/12 - 13:13:36.708	[34minfo[0m	/pine/gvmserve/core/server.go:36	server run success on 	{"address": ":7654"}
[github.com/flipped-aurora/gin-vue-admin/server]2023/03/12 - 13:36:49.578	[34minfo[0m	/pine/gvmserve/initialize/gorm.go:60	register table success
[github.com/flipped-aurora/gin-vue-admin/server]2023/03/12 - 13:36:49.581	[34minfo[0m	/pine/gvmserve/initialize/router.go:40	register swagger handler
[github.com/flipped-aurora/gin-vue-admin/server]2023/03/12 - 13:36:49.583	[34minfo[0m	/pine/gvmserve/initialize/router.go:78	router register success
[github.com/flipped-aurora/gin-vue-admin/server]2023/03/12 - 13:36:49.583	[34minfo[0m	/pine/gvmserve/core/server.go:36	server run success on 	{"address": ":7654"}
[github.com/flipped-aurora/gin-vue-admin/server]2023/03/12 - 13:44:35.839	[34minfo[0m	/pine/gvmserve/initialize/gorm.go:60	register table success
[github.com/flipped-aurora/gin-vue-admin/server]2023/03/12 - 13:44:35.843	[34minfo[0m	/pine/gvmserve/initialize/router.go:40	register swagger handler
[github.com/flipped-aurora/gin-vue-admin/server]2023/03/12 - 13:44:35.845	[34minfo[0m	/pine/gvmserve/initialize/router.go:78	router register success
[github.com/flipped-aurora/gin-vue-admin/server]2023/03/12 - 13:44:35.845	[34minfo[0m	/pine/gvmserve/core/server.go:36	server run success on 	{"address": ":7654"}
[github.com/flipped-aurora/gin-vue-admin/server]2023/03/12 - 13:59:31.523	[34minfo[0m	/pine/gvmserve/initialize/gorm.go:60	register table success
[github.com/flipped-aurora/gin-vue-admin/server]2023/03/12 - 13:59:31.526	[34minfo[0m	/pine/gvmserve/initialize/router.go:40	register swagger handler
[github.com/flipped-aurora/gin-vue-admin/server]2023/03/12 - 13:59:31.528	[34minfo[0m	/pine/gvmserve/initialize/router.go:78	router register success
[github.com/flipped-aurora/gin-vue-admin/server]2023/03/12 - 13:59:31.528	[34minfo[0m	/pine/gvmserve/core/server.go:36	server run success on 	{"address": ":7654"}
[github.com/flipped-aurora/gin-vue-admin/server]2023/03/12 - 14:16:40.136	[34minfo[0m	/pine/gvmserve/initialize/gorm.go:60	register table success
[github.com/flipped-aurora/gin-vue-admin/server]2023/03/12 - 14:16:40.140	[34minfo[0m	/pine/gvmserve/initialize/router.go:40	register swagger handler
[github.com/flipped-aurora/gin-vue-admin/server]2023/03/12 - 14:16:40.142	[34minfo[0m	/pine/gvmserve/initialize/router.go:78	router register success
[github.com/flipped-aurora/gin-vue-admin/server]2023/03/12 - 14:16:40.142	[34minfo[0m	/pine/gvmserve/core/server.go:36	server run success on 	{"address": ":7654"}
[github.com/flipped-aurora/gin-vue-admin/server]2023/03/12 - 14:27:30.234	[34minfo[0m	/pine/gvmserve/initialize/gorm.go:60	register table success
[github.com/flipped-aurora/gin-vue-admin/server]2023/03/12 - 14:27:30.236	[34minfo[0m	/pine/gvmserve/initialize/router.go:40	register swagger handler
[github.com/flipped-aurora/gin-vue-admin/server]2023/03/12 - 14:27:30.238	[34minfo[0m	/pine/gvmserve/initialize/router.go:78	router register success
[github.com/flipped-aurora/gin-vue-admin/server]2023/03/12 - 14:27:30.238	[34minfo[0m	/pine/gvmserve/core/server.go:36	server run success on 	{"address": ":7654"}
[github.com/flipped-aurora/gin-vue-admin/server]2023/03/12 - 14:32:31.703	[34minfo[0m	/pine/gvmserve/initialize/gorm.go:60	register table success
[github.com/flipped-aurora/gin-vue-admin/server]2023/03/12 - 14:32:31.705	[34minfo[0m	/pine/gvmserve/initialize/router.go:40	register swagger handler
[github.com/flipped-aurora/gin-vue-admin/server]2023/03/12 - 14:32:31.707	[34minfo[0m	/pine/gvmserve/initialize/router.go:78	router register success
[github.com/flipped-aurora/gin-vue-admin/server]2023/03/12 - 14:32:31.707	[34minfo[0m	/pine/gvmserve/core/server.go:36	server run success on 	{"address": ":7654"}
[github.com/flipped-aurora/gin-vue-admin/server]2023/03/12 - 14:58:11.609	[34minfo[0m	/pine/gvmserve/initialize/gorm.go:60	register table success
[github.com/flipped-aurora/gin-vue-admin/server]2023/03/12 - 14:58:11.611	[34minfo[0m	/pine/gvmserve/initialize/router.go:40	register swagger handler
[github.com/flipped-aurora/gin-vue-admin/server]2023/03/12 - 14:58:11.612	[34minfo[0m	/pine/gvmserve/initialize/router.go:78	router register success
[github.com/flipped-aurora/gin-vue-admin/server]2023/03/12 - 14:58:11.612	[34minfo[0m	/pine/gvmserve/core/server.go:36	server run success on 	{"address": ":7654"}
[github.com/flipped-aurora/gin-vue-admin/server]2023/03/12 - 15:11:12.927	[34minfo[0m	/pine/gvmserve/initialize/gorm.go:60	register table success
[github.com/flipped-aurora/gin-vue-admin/server]2023/03/12 - 15:11:12.932	[34minfo[0m	/pine/gvmserve/initialize/router.go:40	register swagger handler
[github.com/flipped-aurora/gin-vue-admin/server]2023/03/12 - 15:11:12.934	[34minfo[0m	/pine/gvmserve/initialize/router.go:78	router register success
[github.com/flipped-aurora/gin-vue-admin/server]2023/03/12 - 15:11:12.934	[34minfo[0m	/pine/gvmserve/core/server.go:36	server run success on 	{"address": ":7654"}
[github.com/flipped-aurora/gin-vue-admin/server]2023/03/12 - 15:13:58.455	[34minfo[0m	/pine/gvmserve/initialize/gorm.go:60	register table success
[github.com/flipped-aurora/gin-vue-admin/server]2023/03/12 - 15:13:58.458	[34minfo[0m	/pine/gvmserve/initialize/router.go:40	register swagger handler
[github.com/flipped-aurora/gin-vue-admin/server]2023/03/12 - 15:13:58.461	[34minfo[0m	/pine/gvmserve/initialize/router.go:78	router register success
[github.com/flipped-aurora/gin-vue-admin/server]2023/03/12 - 15:13:58.461	[34minfo[0m	/pine/gvmserve/core/server.go:36	server run success on 	{"address": ":7654"}
[github.com/flipped-aurora/gin-vue-admin/server]2023/03/12 - 15:14:22.616	[34minfo[0m	/pine/gvmserve/initialize/gorm.go:60	register table success
[github.com/flipped-aurora/gin-vue-admin/server]2023/03/12 - 15:14:22.620	[34minfo[0m	/pine/gvmserve/initialize/router.go:40	register swagger handler
[github.com/flipped-aurora/gin-vue-admin/server]2023/03/12 - 15:14:22.621	[34minfo[0m	/pine/gvmserve/initialize/router.go:78	router register success
[github.com/flipped-aurora/gin-vue-admin/server]2023/03/12 - 15:14:22.621	[34minfo[0m	/pine/gvmserve/core/server.go:36	server run success on 	{"address": ":7654"}
[github.com/flipped-aurora/gin-vue-admin/server]2023/03/12 - 15:34:55.465	[34minfo[0m	/pine/gvmserve/initialize/gorm.go:60	register table success
[github.com/flipped-aurora/gin-vue-admin/server]2023/03/12 - 15:34:55.468	[34minfo[0m	/pine/gvmserve/initialize/router.go:40	register swagger handler
[github.com/flipped-aurora/gin-vue-admin/server]2023/03/12 - 15:34:55.470	[34minfo[0m	/pine/gvmserve/initialize/router.go:78	router register success
[github.com/flipped-aurora/gin-vue-admin/server]2023/03/12 - 15:34:55.470	[34minfo[0m	/pine/gvmserve/core/server.go:36	server run success on 	{"address": ":7654"}
[github.com/flipped-aurora/gin-vue-admin/server]2023/03/12 - 15:36:50.154	[34minfo[0m	/pine/gvmserve/initialize/gorm.go:60	register table success
[github.com/flipped-aurora/gin-vue-admin/server]2023/03/12 - 15:36:50.164	[34minfo[0m	/pine/gvmserve/initialize/router.go:40	register swagger handler
[github.com/flipped-aurora/gin-vue-admin/server]2023/03/12 - 15:36:50.166	[34minfo[0m	/pine/gvmserve/initialize/router.go:79	router register success
[github.com/flipped-aurora/gin-vue-admin/server]2023/03/12 - 15:36:50.167	[34minfo[0m	/pine/gvmserve/core/server.go:36	server run success on 	{"address": ":7654"}
[github.com/flipped-aurora/gin-vue-admin/server]2023/03/12 - 15:44:41.605	[34minfo[0m	/pine/gvmserve/initialize/gorm.go:60	register table success
[github.com/flipped-aurora/gin-vue-admin/server]2023/03/12 - 15:44:41.609	[34minfo[0m	/pine/gvmserve/initialize/router.go:40	register swagger handler
[github.com/flipped-aurora/gin-vue-admin/server]2023/03/12 - 15:44:41.611	[34minfo[0m	/pine/gvmserve/initialize/router.go:79	router register success
[github.com/flipped-aurora/gin-vue-admin/server]2023/03/12 - 15:44:41.611	[34minfo[0m	/pine/gvmserve/core/server.go:36	server run success on 	{"address": ":7654"}
[github.com/flipped-aurora/gin-vue-admin/server]2023/03/12 - 16:54:15.264	[34minfo[0m	/pine/gvmserve/initialize/gorm.go:60	register table success
[github.com/flipped-aurora/gin-vue-admin/server]2023/03/12 - 16:54:15.267	[34minfo[0m	/pine/gvmserve/initialize/router.go:40	register swagger handler
[github.com/flipped-aurora/gin-vue-admin/server]2023/03/12 - 16:54:15.269	[34minfo[0m	/pine/gvmserve/initialize/router.go:79	router register success
[github.com/flipped-aurora/gin-vue-admin/server]2023/03/12 - 16:54:15.269	[34minfo[0m	/pine/gvmserve/core/server.go:36	server run success on 	{"address": ":7654"}
[github.com/flipped-aurora/gin-vue-admin/server]2023/03/12 - 17:07:36.609	[34minfo[0m	/pine/gvmserve/initialize/gorm.go:60	register table success
[github.com/flipped-aurora/gin-vue-admin/server]2023/03/12 - 17:07:36.613	[34minfo[0m	/pine/gvmserve/initialize/router.go:40	register swagger handler
[github.com/flipped-aurora/gin-vue-admin/server]2023/03/12 - 17:07:36.616	[34minfo[0m	/pine/gvmserve/initialize/router.go:79	router register success
[github.com/flipped-aurora/gin-vue-admin/server]2023/03/12 - 17:07:36.616	[34minfo[0m	/pine/gvmserve/core/server.go:36	server run success on 	{"address": ":7654"}
[github.com/flipped-aurora/gin-vue-admin/server]2023/03/12 - 17:10:39.150	[34minfo[0m	/pine/gvmserve/initialize/gorm.go:60	register table success
[github.com/flipped-aurora/gin-vue-admin/server]2023/03/12 - 17:10:39.152	[34minfo[0m	/pine/gvmserve/initialize/router.go:40	register swagger handler
[github.com/flipped-aurora/gin-vue-admin/server]2023/03/12 - 17:10:39.154	[34minfo[0m	/pine/gvmserve/initialize/router.go:79	router register success
[github.com/flipped-aurora/gin-vue-admin/server]2023/03/12 - 17:10:39.154	[34minfo[0m	/pine/gvmserve/core/server.go:36	server run success on 	{"address": ":7654"}
[github.com/flipped-aurora/gin-vue-admin/server]2023/03/12 - 17:12:54.646	[34minfo[0m	/pine/gvmserve/initialize/gorm.go:60	register table success
[github.com/flipped-aurora/gin-vue-admin/server]2023/03/12 - 17:12:54.649	[34minfo[0m	/pine/gvmserve/initialize/router.go:40	register swagger handler
[github.com/flipped-aurora/gin-vue-admin/server]2023/03/12 - 17:12:54.651	[34minfo[0m	/pine/gvmserve/initialize/router.go:79	router register success
[github.com/flipped-aurora/gin-vue-admin/server]2023/03/12 - 17:12:54.652	[34minfo[0m	/pine/gvmserve/core/server.go:36	server run success on 	{"address": ":7654"}
[github.com/flipped-aurora/gin-vue-admin/server]2023/03/12 - 17:14:36.252	[34minfo[0m	/pine/gvmserve/initialize/gorm.go:60	register table success
[github.com/flipped-aurora/gin-vue-admin/server]2023/03/12 - 17:14:36.256	[34minfo[0m	/pine/gvmserve/initialize/router.go:40	register swagger handler
[github.com/flipped-aurora/gin-vue-admin/server]2023/03/12 - 17:14:36.259	[34minfo[0m	/pine/gvmserve/initialize/router.go:79	router register success
[github.com/flipped-aurora/gin-vue-admin/server]2023/03/12 - 17:14:36.259	[34minfo[0m	/pine/gvmserve/core/server.go:36	server run success on 	{"address": ":7654"}
[github.com/flipped-aurora/gin-vue-admin/server]2023/03/12 - 17:22:38.710	[34minfo[0m	/pine/gvmserve/initialize/gorm.go:60	register table success
[github.com/flipped-aurora/gin-vue-admin/server]2023/03/12 - 17:22:38.714	[34minfo[0m	/pine/gvmserve/initialize/router.go:40	register swagger handler
[github.com/flipped-aurora/gin-vue-admin/server]2023/03/12 - 17:22:38.717	[34minfo[0m	/pine/gvmserve/initialize/router.go:79	router register success
[github.com/flipped-aurora/gin-vue-admin/server]2023/03/12 - 17:22:38.717	[34minfo[0m	/pine/gvmserve/core/server.go:36	server run success on 	{"address": ":7654"}
[github.com/flipped-aurora/gin-vue-admin/server]2023/03/12 - 17:29:35.044	[34minfo[0m	/pine/gvmserve/initialize/gorm.go:60	register table success
[github.com/flipped-aurora/gin-vue-admin/server]2023/03/12 - 17:29:35.048	[34minfo[0m	/pine/gvmserve/initialize/router.go:40	register swagger handler
[github.com/flipped-aurora/gin-vue-admin/server]2023/03/12 - 17:29:35.051	[34minfo[0m	/pine/gvmserve/initialize/router.go:79	router register success
[github.com/flipped-aurora/gin-vue-admin/server]2023/03/12 - 17:29:35.051	[34minfo[0m	/pine/gvmserve/core/server.go:36	server run success on 	{"address": ":7654"}
[github.com/flipped-aurora/gin-vue-admin/server]2023/03/12 - 17:32:01.107	[34minfo[0m	/pine/gvmserve/initialize/gorm.go:60	register table success
[github.com/flipped-aurora/gin-vue-admin/server]2023/03/12 - 17:32:01.109	[34minfo[0m	/pine/gvmserve/initialize/router.go:40	register swagger handler
[github.com/flipped-aurora/gin-vue-admin/server]2023/03/12 - 17:32:01.111	[34minfo[0m	/pine/gvmserve/initialize/router.go:79	router register success
[github.com/flipped-aurora/gin-vue-admin/server]2023/03/12 - 17:32:01.111	[34minfo[0m	/pine/gvmserve/core/server.go:36	server run success on 	{"address": ":7654"}
[github.com/flipped-aurora/gin-vue-admin/server]2023/03/12 - 17:40:58.299	[34minfo[0m	/pine/gvmserve/initialize/gorm.go:60	register table success
[github.com/flipped-aurora/gin-vue-admin/server]2023/03/12 - 17:40:58.303	[34minfo[0m	/pine/gvmserve/initialize/router.go:40	register swagger handler
[github.com/flipped-aurora/gin-vue-admin/server]2023/03/12 - 17:40:58.305	[34minfo[0m	/pine/gvmserve/initialize/router.go:79	router register success
[github.com/flipped-aurora/gin-vue-admin/server]2023/03/12 - 17:40:58.305	[34minfo[0m	/pine/gvmserve/core/server.go:36	server run success on 	{"address": ":7654"}
[github.com/flipped-aurora/gin-vue-admin/server]2023/03/12 - 17:49:42.003	[34minfo[0m	/pine/gvmserve/initialize/gorm.go:60	register table success
[github.com/flipped-aurora/gin-vue-admin/server]2023/03/12 - 17:49:42.006	[34minfo[0m	/pine/gvmserve/initialize/router.go:40	register swagger handler
[github.com/flipped-aurora/gin-vue-admin/server]2023/03/12 - 17:49:42.008	[34minfo[0m	/pine/gvmserve/initialize/router.go:79	router register success
[github.com/flipped-aurora/gin-vue-admin/server]2023/03/12 - 17:49:42.009	[34minfo[0m	/pine/gvmserve/core/server.go:36	server run success on 	{"address": ":7654"}
[github.com/flipped-aurora/gin-vue-admin/server]2023/03/12 - 18:09:58.525	[34minfo[0m	/pine/gvmserve/initialize/gorm.go:60	register table success
[github.com/flipped-aurora/gin-vue-admin/server]2023/03/12 - 18:09:58.529	[34minfo[0m	/pine/gvmserve/initialize/router.go:40	register swagger handler
[github.com/flipped-aurora/gin-vue-admin/server]2023/03/12 - 18:09:58.531	[34minfo[0m	/pine/gvmserve/initialize/router.go:79	router register success
[github.com/flipped-aurora/gin-vue-admin/server]2023/03/12 - 18:09:58.531	[34minfo[0m	/pine/gvmserve/core/server.go:36	server run success on 	{"address": ":7654"}
[github.com/flipped-aurora/gin-vue-admin/server]2023/03/12 - 18:18:37.459	[34minfo[0m	/pine/gvmserve/initialize/gorm.go:60	register table success
[github.com/flipped-aurora/gin-vue-admin/server]2023/03/12 - 18:18:37.461	[34minfo[0m	/pine/gvmserve/initialize/router.go:40	register swagger handler
[github.com/flipped-aurora/gin-vue-admin/server]2023/03/12 - 18:18:37.462	[34minfo[0m	/pine/gvmserve/initialize/router.go:79	router register success
[github.com/flipped-aurora/gin-vue-admin/server]2023/03/12 - 18:18:37.463	[34minfo[0m	/pine/gvmserve/core/server.go:36	server run success on 	{"address": ":7654"}
[github.com/flipped-aurora/gin-vue-admin/server]2023/03/12 - 18:22:08.124	[34minfo[0m	/pine/gvmserve/initialize/gorm.go:60	register table success
[github.com/flipped-aurora/gin-vue-admin/server]2023/03/12 - 18:22:08.128	[34minfo[0m	/pine/gvmserve/initialize/router.go:40	register swagger handler
[github.com/flipped-aurora/gin-vue-admin/server]2023/03/12 - 18:22:08.130	[34minfo[0m	/pine/gvmserve/initialize/router.go:79	router register success
[github.com/flipped-aurora/gin-vue-admin/server]2023/03/12 - 18:22:08.131	[34minfo[0m	/pine/gvmserve/core/server.go:36	server run success on 	{"address": ":7654"}
[github.com/flipped-aurora/gin-vue-admin/server]2023/03/12 - 18:23:04.580	[34minfo[0m	/pine/gvmserve/initialize/gorm.go:60	register table success
[github.com/flipped-aurora/gin-vue-admin/server]2023/03/12 - 18:23:04.584	[34minfo[0m	/pine/gvmserve/initialize/router.go:40	register swagger handler
[github.com/flipped-aurora/gin-vue-admin/server]2023/03/12 - 18:23:04.586	[34minfo[0m	/pine/gvmserve/initialize/router.go:79	router register success
[github.com/flipped-aurora/gin-vue-admin/server]2023/03/12 - 18:23:04.586	[34minfo[0m	/pine/gvmserve/core/server.go:36	server run success on 	{"address": ":7654"}
