[github.com/flipped-aurora/gin-vue-admin/server]2023/03/16 - 00:05:34.224	[31merror[0m	/pine/gvmnote/server/core/server.go:43	accept tcp [::]:7654: use of closed network connection
[github.com/flipped-aurora/gin-vue-admin/server]2023/03/16 - 00:05:41.684	[31merror[0m	/pine/gvmnote/server/initialize/gorm.go:57	register table failed	{"error": "invalid field found for struct github.com/flipped-aurora/gin-vue-admin/server/model/system.SysUser's field BackendSetting: define a valid foreign key for relations or implement the Valuer/Scanner interface"}
[github.com/flipped-aurora/gin-vue-admin/server]2023/03/16 - 00:15:51.895	[31merror[0m	/pine/gvmnote/server/api/v1/system/sys_user.go:195	ä¿®æ”¹å¤±è´¥!	{"error": "åŸå¯†ç é”™è¯¯"}
[github.com/flipped-aurora/gin-vue-admin/server]2023/03/16 - 00:15:56.279	[31merror[0m	/pine/gvmnote/server/api/v1/system/sys_user.go:195	ä¿®æ”¹å¤±è´¥!	{"error": "åŸå¯†ç é”™è¯¯"}
[github.com/flipped-aurora/gin-vue-admin/server]2023/03/16 - 00:16:45.128	[31merror[0m	/pine/gvmnote/server/api/v1/system/sys_user.go:57	ç™»é™†å¤±è´¥! ç”¨æˆ·åä¸å­˜åœ¨æˆ–è€…å¯†ç é”™è¯¯!	{"error": "å¯†ç é”™è¯¯"}
[github.com/flipped-aurora/gin-vue-admin/server]2023/03/16 - 00:53:08.646	[31merror[0m	/pine/gvmnote/server/api/v1/system/sys_menu.go:107	è·å–å¤±è´¥!	{"error": "Error 1054: Unknown column 'sys_authority_authority_id' in 'where clause'"}
[github.com/flipped-aurora/gin-vue-admin/server]2023/03/16 - 00:57:45.595	[31merror[0m	/pine/gvmnote/server/core/server.go:43	accept tcp [::]:7654: use of closed network connection
[github.com/flipped-aurora/gin-vue-admin/server]2023/03/16 - 01:18:46.107	[31merror[0m	/pine/gvmnote/server/core/server.go:43	accept tcp [::]:7654: use of closed network connection
[github.com/flipped-aurora/gin-vue-admin/server]2023/03/16 - 01:18:56.446	[31merror[0m	/pine/gvmnote/server/initialize/gorm.go:57	register table failed	{"error": "Error 1075: Incorrect table definition; there can be only one auto column and it must be defined as a key"}
[github.com/flipped-aurora/gin-vue-admin/server]2023/03/16 - 01:23:34.008	[31merror[0m	/pine/gvmnote/server/initialize/gorm.go:57	register table failed	{"error": "Error 1075: Incorrect table definition; there can be only one auto column and it must be defined as a key"}
[github.com/flipped-aurora/gin-vue-admin/server]2023/03/16 - 01:36:30.131	[31merror[0m	/pine/gvmnote/server/api/v1/system/sys_menu.go:77	æ·»åŠ å¤±è´¥!	{"error": "unsupported relations: SysBaseMenus"}
[github.com/flipped-aurora/gin-vue-admin/server]2023/03/16 - 01:36:41.205	[31merror[0m	/pine/gvmnote/server/api/v1/system/sys_menu.go:77	æ·»åŠ å¤±è´¥!	{"error": "unsupported relations: SysBaseMenus"}
[github.com/flipped-aurora/gin-vue-admin/server]2023/03/16 - 01:46:19.207	[31merror[0m	/pine/gvmnote/server/core/server.go:43	accept tcp [::]:7654: use of closed network connection
[github.com/flipped-aurora/gin-vue-admin/server]2023/03/16 - 01:50:15.725	[31merror[0m	/pine/gvmnote/server/api/v1/system/sys_menu.go:77	æ·»åŠ å¤±è´¥!	{"error": "Error 1054: Unknown column 'system_role_menu.system_role_id' in 'where clause'"}
[github.com/flipped-aurora/gin-vue-admin/server]2023/03/16 - 01:50:40.910	[31merror[0m	/pine/gvmnote/server/api/v1/system/sys_menu.go:77	æ·»åŠ å¤±è´¥!	{"error": "Error 1054: Unknown column 'system_role_menu.system_role_id' in 'where clause'"}
[github.com/flipped-aurora/gin-vue-admin/server]2023/03/16 - 01:57:14.891	[31merror[0m	/pine/gvmnote/server/core/server.go:43	accept tcp [::]:7654: use of closed network connection
[github.com/flipped-aurora/gin-vue-admin/server]2023/03/16 - 01:57:37.138	[31merror[0m	/pine/gvmnote/server/api/v1/system/sys_menu.go:77	æ·»åŠ å¤±è´¥!	{"error": "Error 1054: Unknown column 'system_role_menu.system_role_id' in 'where clause'"}
[github.com/flipped-aurora/gin-vue-admin/server]2023/03/16 - 02:01:32.769	[31merror[0m	/pine/gvmnote/server/core/server.go:43	accept tcp [::]:7654: use of closed network connection
[github.com/flipped-aurora/gin-vue-admin/server]2023/03/16 - 02:02:17.137	[31merror[0m	/pine/gvmnote/server/api/v1/system/sys_menu.go:77	æ·»åŠ å¤±è´¥!	{"error": "Error 1146: Table 'mine.system_role_menus' doesn't exist"}
[github.com/flipped-aurora/gin-vue-admin/server]2023/03/16 - 02:03:12.523	[31merror[0m	/pine/gvmnote/server/core/server.go:43	accept tcp [::]:7654: use of closed network connection
[github.com/flipped-aurora/gin-vue-admin/server]2023/03/16 - 02:03:45.130	[31merror[0m	/pine/gvmnote/server/api/v1/system/sys_menu.go:77	æ·»åŠ å¤±è´¥!	{"error": "Error 1054: Unknown column 'system_role_menu.system_role_id' in 'where clause'"}
[github.com/flipped-aurora/gin-vue-admin/server]2023/03/16 - 02:04:20.508	[31merror[0m	/pine/gvmnote/server/api/v1/system/sys_menu.go:107	è·å–å¤±è´¥!	{"error": "Error 1054: Unknown column 'role_id' in 'where clause'"}
[github.com/flipped-aurora/gin-vue-admin/server]2023/03/16 - 02:05:00.646	[31merror[0m	/pine/gvmnote/server/api/v1/system/sys_menu.go:107	è·å–å¤±è´¥!	{"error": "Error 1054: Unknown column 'role_id' in 'where clause'"}
[github.com/flipped-aurora/gin-vue-admin/server]2023/03/16 - 02:05:03.177	[31merror[0m	/pine/gvmnote/server/api/v1/system/sys_menu.go:107	è·å–å¤±è´¥!	{"error": "Error 1054: Unknown column 'role_id' in 'where clause'"}
[github.com/flipped-aurora/gin-vue-admin/server]2023/03/16 - 02:06:22.549	[31merror[0m	/pine/gvmnote/server/core/server.go:43	accept tcp [::]:7654: use of closed network connection
[github.com/flipped-aurora/gin-vue-admin/server]2023/03/16 - 02:30:49.893	[31merror[0m	/pine/gvmnote/server/api/v1/system/sys_menu.go:77	æ·»åŠ å¤±è´¥!	{"error": "Error 1054: Unknown column 'sys_base_menu_id' in 'field list'"}
[github.com/flipped-aurora/gin-vue-admin/server]2023/03/16 - 02:32:20.144	[31merror[0m	/pine/gvmnote/server/core/server.go:43	accept tcp [::]:7654: use of closed network connection
[github.com/flipped-aurora/gin-vue-admin/server]2023/03/16 - 02:42:38.050	[31merror[0m	/pine/gvmnote/server/core/server.go:43	accept tcp [::]:7654: use of closed network connection
[github.com/flipped-aurora/gin-vue-admin/server]2023/03/16 - 02:52:41.042	[31merror[0m	/pine/gvmnote/server/core/server.go:43	accept tcp [::]:7654: use of closed network connection
[github.com/flipped-aurora/gin-vue-admin/server]2023/03/16 - 02:54:43.417	[31merror[0m	/pine/gvmnote/server/core/server.go:43	accept tcp [::]:7654: use of closed network connection
[github.com/flipped-aurora/gin-vue-admin/server]2023/03/16 - 03:10:42.244	[31merror[0m	/pine/gvmnote/server/core/server.go:43	accept tcp [::]:7654: use of closed network connection
[github.com/flipped-aurora/gin-vue-admin/server]2023/03/16 - 03:14:10.458	[31merror[0m	/pine/gvmnote/server/core/server.go:43	accept tcp [::]:7654: use of closed network connection
[github.com/flipped-aurora/gin-vue-admin/server]2023/03/16 - 03:46:33.833	[31merror[0m	/pine/gvmnote/server/api/v1/system/sys_user.go:165	æ³¨å†Œå¤±è´¥!	{"error": "sql: converting argument $19 type: unsupported type system.BackendSetting, a struct"}
[github.com/flipped-aurora/gin-vue-admin/server]2023/03/16 - 03:48:07.427	[31merror[0m	/pine/gvmnote/server/core/server.go:43	accept tcp [::]:7654: use of closed network connection
[github.com/flipped-aurora/gin-vue-admin/server]2023/03/16 - 03:49:36.008	[31merror[0m	/pine/gvmnote/server/api/v1/system/sys_user.go:165	æ³¨å†Œå¤±è´¥!	{"error": "sql: converting argument $19 type: unsupported type system.BackendSetting, a struct"}
[github.com/flipped-aurora/gin-vue-admin/server]2023/03/16 - 03:52:36.118	[31merror[0m	/pine/gvmnote/server/api/v1/system/sys_user.go:226	è·å–å¤±è´¥!	{"error": "unexpected EOF"}
[github.com/flipped-aurora/gin-vue-admin/server]2023/03/16 - 03:53:13.780	[31merror[0m	/pine/gvmnote/server/api/v1/system/sys_user.go:165	æ³¨å†Œå¤±è´¥!	{"error": "sql: converting argument $19 type: unsupported type system.BackendSetting, a struct"}
[github.com/flipped-aurora/gin-vue-admin/server]2023/03/16 - 03:55:05.023	[31merror[0m	/pine/gvmnote/server/core/server.go:43	accept tcp [::]:7654: use of closed network connection
[github.com/flipped-aurora/gin-vue-admin/server]2023/03/16 - 03:56:19.080	[31merror[0m	/pine/gvmnote/server/api/v1/system/sys_user.go:226	è·å–å¤±è´¥!	{"error": "unexpected EOF"}
[github.com/flipped-aurora/gin-vue-admin/server]2023/03/16 - 03:58:34.736	[31merror[0m	/pine/gvmnote/server/core/server.go:43	accept tcp [::]:7654: use of closed network connection
